03/14/2023 06:15:52 PM: INFO: ====== WebDriver manager ======
03/14/2023 06:15:53 PM: INFO: Get LATEST chromedriver version for google-chrome 111.0.5563
03/14/2023 06:15:53 PM: INFO: Driver [C:\Users\alex_\.wdm\drivers\chromedriver\win32\111.0.5563\chromedriver.exe] found in cache
03/14/2023 06:15:55 PM: INFO: ********* Test_003_ Add Customer ***********
03/14/2023 06:15:58 PM: INFO: ***** Login successfully ********
03/14/2023 06:15:58 PM: INFO: ****** Starting Add Customer test ******
03/14/2023 06:16:02 PM: INFO: ****** Providing customer info ******
03/14/2023 06:16:07 PM: INFO: ******* New Customer added successfully ********
03/14/2023 06:16:07 PM: INFO: ******* Saving Customer Info ********
03/14/2023 06:16:07 PM: INFO: ====== WebDriver manager ======
03/14/2023 06:16:08 PM: INFO: Get LATEST chromedriver version for google-chrome 111.0.5563
03/14/2023 06:16:08 PM: INFO: Driver [C:\Users\alex_\.wdm\drivers\chromedriver\win32\111.0.5563\chromedriver.exe] found in cache
03/14/2023 06:16:09 PM: INFO: ********* Test_001_Login ***********
03/14/2023 06:16:09 PM: INFO: ********* verifying test_homePageTitle ***********
03/14/2023 06:16:10 PM: INFO: *********** test_homePageTitle passed **********
03/14/2023 06:16:10 PM: INFO: ====== WebDriver manager ======
03/14/2023 06:16:11 PM: INFO: Get LATEST chromedriver version for google-chrome 111.0.5563
03/14/2023 06:16:12 PM: INFO: Driver [C:\Users\alex_\.wdm\drivers\chromedriver\win32\111.0.5563\chromedriver.exe] found in cache
03/14/2023 06:16:13 PM: INFO: ********* verifying test_login  ***********
03/14/2023 06:16:20 PM: INFO: *********** test_login passed **********
03/14/2023 06:16:20 PM: INFO: ====== WebDriver manager ======
03/14/2023 06:16:21 PM: INFO: Get LATEST chromedriver version for google-chrome 111.0.5563
03/14/2023 06:16:22 PM: INFO: Driver [C:\Users\alex_\.wdm\drivers\chromedriver\win32\111.0.5563\chromedriver.exe] found in cache
03/14/2023 06:16:23 PM: INFO: ********* verifying test_login_ddt  ***********
03/14/2023 06:16:31 PM: INFO: *** Passed ***
03/14/2023 06:16:37 PM: INFO: *** Passed ***
03/14/2023 06:16:43 PM: INFO: *** Passed ***
03/14/2023 06:16:49 PM: INFO: *** Passed ***
03/14/2023 06:16:49 PM: INFO: Login DDT test passed successfully
03/14/2023 06:16:50 PM: INFO: ***** test_login_ddt completed *******
03/14/2023 06:16:50 PM: INFO: ====== WebDriver manager ======
03/14/2023 06:16:50 PM: INFO: Get LATEST chromedriver version for google-chrome 111.0.5563
03/14/2023 06:16:51 PM: INFO: Driver [C:\Users\alex_\.wdm\drivers\chromedriver\win32\111.0.5563\chromedriver.exe] found in cache
03/14/2023 06:16:52 PM: INFO: ********* Test_004_Search Customer By Email ***********
03/14/2023 06:16:55 PM: INFO: ***** Login successfully ********
03/14/2023 06:16:55 PM: INFO: ***** Go to  Customer page  ********
03/14/2023 06:16:59 PM: INFO: ***** Start search customer by email  ********
03/14/2023 06:19:30 PM: INFO: ====== WebDriver manager ======
03/14/2023 06:19:31 PM: INFO: Get LATEST chromedriver version for google-chrome 111.0.5563
03/14/2023 06:19:32 PM: INFO: Driver [C:\Users\alex_\.wdm\drivers\chromedriver\win32\111.0.5563\chromedriver.exe] found in cache
03/14/2023 06:19:33 PM: INFO: ********* Test_004_Search Customer By Email ***********
03/14/2023 06:19:36 PM: INFO: ***** Login successfully ********
03/14/2023 06:19:36 PM: INFO: ***** Go to  Customer page  ********
03/14/2023 06:19:40 PM: INFO: ***** Start search customer by email  ********
03/14/2023 06:25:40 PM: INFO: ====== WebDriver manager ======
03/14/2023 06:25:41 PM: INFO: Get LATEST chromedriver version for google-chrome 111.0.5563
03/14/2023 06:25:42 PM: INFO: Driver [C:\Users\alex_\.wdm\drivers\chromedriver\win32\111.0.5563\chromedriver.exe] found in cache
03/14/2023 06:25:43 PM: INFO: ********* Test_004_Search Customer By Email ***********
03/14/2023 06:25:46 PM: INFO: ***** Login successfully ********
03/14/2023 06:25:46 PM: INFO: ***** Go to  Customer page  ********
03/14/2023 06:25:55 PM: INFO: ***** Start search customer by email  ********
03/14/2023 06:25:55 PM: INFO: ***** Customer search by email finished ********
03/14/2023 06:51:34 PM: INFO: ====== WebDriver manager ======
03/14/2023 06:51:34 PM: INFO: Get LATEST chromedriver version for google-chrome 111.0.5563
03/14/2023 06:51:35 PM: INFO: Driver [C:\Users\alex_\.wdm\drivers\chromedriver\win32\111.0.5563\chromedriver.exe] found in cache
03/14/2023 06:51:36 PM: INFO: ********* Test_003_ Add Customer ***********
03/14/2023 06:51:41 PM: INFO: ***** Login successfully ********
03/14/2023 06:51:41 PM: INFO: ****** Starting Add Customer test ******
03/14/2023 06:51:47 PM: INFO: ****** Providing customer info ******
03/14/2023 06:51:52 PM: INFO: ******* New Customer added successfully ********
03/14/2023 06:51:52 PM: INFO: ******* Saving Customer Info ********
03/14/2023 06:51:52 PM: INFO: ====== WebDriver manager ======
03/14/2023 06:51:52 PM: INFO: Get LATEST chromedriver version for google-chrome 111.0.5563
03/14/2023 06:51:53 PM: INFO: Driver [C:\Users\alex_\.wdm\drivers\chromedriver\win32\111.0.5563\chromedriver.exe] found in cache
03/14/2023 06:51:54 PM: INFO: ********* Test_001_Login ***********
03/14/2023 06:51:54 PM: INFO: ********* verifying test_homePageTitle ***********
03/14/2023 06:51:55 PM: INFO: *********** test_homePageTitle passed **********
03/14/2023 06:51:55 PM: INFO: ====== WebDriver manager ======
03/14/2023 06:51:56 PM: INFO: Get LATEST chromedriver version for google-chrome 111.0.5563
03/14/2023 06:51:57 PM: INFO: Driver [C:\Users\alex_\.wdm\drivers\chromedriver\win32\111.0.5563\chromedriver.exe] found in cache
03/14/2023 06:51:58 PM: INFO: ********* verifying test_login  ***********
03/14/2023 06:52:03 PM: INFO: *********** test_login passed **********
03/14/2023 06:52:03 PM: INFO: ====== WebDriver manager ======
03/14/2023 06:52:04 PM: INFO: Get LATEST chromedriver version for google-chrome 111.0.5563
03/14/2023 06:52:05 PM: INFO: Driver [C:\Users\alex_\.wdm\drivers\chromedriver\win32\111.0.5563\chromedriver.exe] found in cache
03/14/2023 06:52:06 PM: INFO: ********* verifying test_login_ddt  ***********
03/14/2023 06:52:16 PM: INFO: *** Passed ***
03/14/2023 06:52:23 PM: INFO: *** Passed ***
03/14/2023 06:52:29 PM: INFO: *** Passed ***
03/14/2023 06:52:35 PM: INFO: *** Passed ***
03/14/2023 06:52:35 PM: INFO: Login DDT test passed successfully
03/14/2023 06:52:35 PM: INFO: ***** test_login_ddt completed *******
03/14/2023 06:52:35 PM: INFO: ====== WebDriver manager ======
03/14/2023 06:52:36 PM: INFO: Get LATEST chromedriver version for google-chrome 111.0.5563
03/14/2023 06:52:37 PM: INFO: Driver [C:\Users\alex_\.wdm\drivers\chromedriver\win32\111.0.5563\chromedriver.exe] found in cache
03/14/2023 06:52:38 PM: INFO: ********* Test_004_Search Customer By Email ***********
03/14/2023 06:52:45 PM: INFO: ***** Login successfully ********
03/14/2023 06:52:45 PM: INFO: ***** Go to  Customer page  ********
03/14/2023 06:52:54 PM: INFO: ***** Start search customer by email  ********
03/14/2023 06:52:54 PM: INFO: ***** Customer search by email finished ********
03/14/2023 07:00:06 PM: INFO: ====== WebDriver manager ======
03/14/2023 07:00:07 PM: INFO: Get LATEST chromedriver version for google-chrome 111.0.5563
03/14/2023 07:00:08 PM: INFO: Driver [C:\Users\alex_\.wdm\drivers\chromedriver\win32\111.0.5563\chromedriver.exe] found in cache
03/14/2023 07:00:09 PM: INFO: ********* Test_003_ Add Customer ***********
03/14/2023 07:00:12 PM: INFO: ***** Login successfully ********
03/14/2023 07:00:12 PM: INFO: ****** Starting Add Customer test ******
03/14/2023 07:00:17 PM: INFO: ****** Providing customer info ******
03/14/2023 07:00:22 PM: INFO: ******* New Customer added successfully ********
03/14/2023 07:00:22 PM: INFO: ******* Saving Customer Info ********
03/14/2023 07:00:22 PM: INFO: ====== WebDriver manager ======
03/14/2023 07:00:22 PM: INFO: Get LATEST chromedriver version for google-chrome 111.0.5563
03/14/2023 07:00:23 PM: INFO: Driver [C:\Users\alex_\.wdm\drivers\chromedriver\win32\111.0.5563\chromedriver.exe] found in cache
03/14/2023 07:00:24 PM: INFO: ********* verifying test_login  ***********
03/14/2023 07:00:27 PM: INFO: *********** test_login passed **********
